<?xml version="1.0" encoding="UTF-8"?>
<!-- Generated by org.testng.reporters.JUnitReportReporter -->
<testsuite hostname="DESKTOP-J7DNQ9P" failures="0" tests="1" name="TestCases.TC_LoginTest_001" time="7.074" errors="0" timestamp="2024-01-30T15:13:21 IST" skipped="0">
  <testcase classname="TestCases.TC_LoginTest_001" name="logintest" time="7.074"/>
</testsuite> <!-- TestCases.TC_LoginTest_001 -->
